<?xml version="1.0" encoding="UTF-8"?>
<!-- Generated by org.testng.reporters.JUnitReportReporter -->
<testsuite hostname="Shyamal" failures="0" tests="1" name="TrelloBatch65.TC001_POST_Request" time="1.578" errors="0" timestamp="21 Sep 2022 19:18:35 GMT" skipped="0">
  <testcase classname="TrelloBatch65.TC001_POST_Request" name="getBoardCreated" time="1.578"/>
</testsuite> <!-- TrelloBatch65.TC001_POST_Request -->
