<?xml version="1.0" encoding="UTF-8"?>
<!-- Generated by org.testng.reporters.JUnitReportReporter -->
<testsuite hostname="Shyamal" failures="0" tests="1" name="TrelloBatch65.TC003_POST_Request" time="1.629" errors="0" timestamp="21 Sep 2022 19:08:53 GMT" skipped="0">
  <testcase classname="TrelloBatch65.TC003_POST_Request" name="getBoardCreated" time="1.629"/>
</testsuite> <!-- TrelloBatch65.TC003_POST_Request -->
