<?xml version="1.0" encoding="UTF-8"?>
<!-- Generated by org.testng.reporters.JUnitReportReporter -->
<testsuite hostname="Shyamal" failures="0" tests="1" name="TrelloBatch65.AuthenticationTest" time="1.391" errors="0" timestamp="21 Sep 2022 19:41:08 GMT" skipped="0">
  <testcase classname="TrelloBatch65.AuthenticationTest" name="gitUthorization" time="1.391"/>
</testsuite> <!-- TrelloBatch65.AuthenticationTest -->
